Arguments: 
  C:\Program Files\nodejs\node.exe C:\Program Files (x86)\Yarn\bin\yarn.js install

PATH: 
  C:\Program Files (x86)\Common Files\Oracle\Java\javapath;C:\Program Files (x86)\Common Files\Intel\Shared Libraries\redist\intel64\compiler;C:\Program Files\NVIDIA GPU Computing Toolkit\CUDA\v10.2\bin;C:\Program Files\NVIDIA GPU Computing Toolkit\CUDA\v10.2\libnvvp;C:\WINDOWS\system32;C:\WINDOWS;C:\WINDOWS\System32\Wbem;C:\WINDOWS\System32\WindowsPowerShell\v1.0\;C:\WINDOWS\System32\OpenSSH\;C:\Program Files\nodejs\;C:\Program Files\Git\cmd;C:\Program Files (x86)\Yarn\bin\;C:\Program Files\Common Files\Autodesk Shared\;C:\Program Files (x86)\Autodesk\Backburner\;C:\Program Files\NVIDIA Corporation\Nsight Compute 2019.5.0\;C:\Program Files (x86)\NVIDIA Corporation\PhysX\Common;C:\ProgramData\chocolatey\bin;C:\Program Files\AdoptOpenJDK\jdk8u192-b12\bin;C:\Program Files\Java\jdk1.8.0_211\bin;C:\Android\android-sdk\tools;C:\Android\android-sdk\platform-tools;C:\Android\android-sdk\tools\bin;C:\php;

Yarn version: 
  1.19.2

Node version: 
  12.12.0

Platform: 
  win32 x64

Trace: 
  SyntaxError: C:\Users\Scylin\Desktop\dev\Javascript\telegram\bit-toys-bot\package.json: Unexpected token } in JSON at position 424
      at JSON.parse (<anonymous>)
      at C:\Program Files (x86)\Yarn\lib\cli.js:1625:59
      at Generator.next (<anonymous>)
      at step (C:\Program Files (x86)\Yarn\lib\cli.js:304:30)
      at C:\Program Files (x86)\Yarn\lib\cli.js:315:13

npm manifest: 
  {
    "name": "scybots-paid-subscribtion",
    "version": "1.0.0",
    "license": "MIT",
    "scripts": {
      "build": "tsc -p ./tsconfig.json",
      "start": "node ./dist/app.js",
      "bs": "rimraf ./dist && npm run build && node ./dist/app.js"
    },
    "devDependencies": {
      "@types/node": "^13.1.2",
      "typescript": "^3.7.4"
    },
    "dependencies": {
      "dotenv": "^8.2.0",
      "rimraf": "^3.0.0",
      "telegraf": "^3.35.0",
    }
  }

yarn manifest: 
  No manifest

Lockfile: 
  No lockfile
